<?xml version="1.0" encoding="UTF-8"?>
<!-- Generated by org.testng.reporters.JUnitXMLReporter -->
<testsuite ignored="0" hostname="LPCAIQ0804" failures="0" tests="9" name="End To End Test Through Jenkins Using Parameterized Browser" time="77.114" errors="0" timestamp="2022-09-18T13:05:32 EET">
  <testcase classname="com.OrangeHRM.testcases.LoginPageTest" name="PerformValidLoginTest" time="2.288"/>
  <testcase classname="com.OrangeHRM.testcases.LoginPageTest" name="CheckLoginwithInvalidPasswordOrmail" time="1.783"/>
  <testcase classname="com.OrangeHRM.testcases.LoginPageTest" name="CheckLoginwithInvalidPasswordOrmail" time="1.338"/>
  <testcase classname="com.OrangeHRM.testcases.LoginPageTest" name="CheckLoginwithInvalidPasswordOrmail" time="1.906"/>
  <testcase classname="com.OrangeHRM.testcases.LoginPageTest" name="CheckLoginwithInvalidPasswordOrmail" time="1.568"/>
  <testcase classname="com.OrangeHRM.testcases.LoginPageTest" name="testLogo" time="0.669"/>
  <testcase classname="com.OrangeHRM.testcases.LoginPageTest" name="testTitle" time="0.005"/>
  <testcase classname="com.OrangeHRM.testcases.LoginPageTest" name="testURL" time="0.012"/>
  <testcase classname="com.OrangeHRM.testcases.ResetPasswordTest" name="checkForgotPasswordFunctionality" time="1.897"/>
</testsuite> <!-- End To End Test Through Jenkins Using Parameterized Browser -->
